<?xml version="1.0" encoding="UTF-8"?>
<!-- Generated by org.testng.reporters.JUnitReportReporter -->
<testsuite hostname="diegoz" name="com.myframework.selenium.FirstTest" tests="1" failures="0" timestamp="25 May 2016 18:13:12 GMT" time="18.603" errors="0">
  <testcase name="startWebDriver" time="18.603" classname="com.myframework.selenium.FirstTest"/>
</testsuite> <!-- com.myframework.selenium.FirstTest -->
